<?xml version="1.0" encoding="UTF-8"?>
<!-- Generated by org.testng.reporters.JUnitXMLReporter -->
<testsuite ignored="0" hostname="INBOOK_X3_Slim" failures="0" tests="3" name="Surefire test" time="28.089" errors="0" timestamp="2026-07-04T22:56:14 IST">
  <testcase classname="com.ui.test.LoginTest2" name="loginTest" time="4.118"/>
  <testcase classname="com.ui.test.LoginTest2" name="loginTest" time="4.035"/>
  <testcase classname="com.ui.test.LoginTest2" name="loginTest" time="4.135"/>
</testsuite> <!-- Surefire test -->
