<?xml version="1.0" encoding="UTF-8"?>
<testng-results ignored="0" total="3" passed="3" failed="0" skipped="0">
  <reporter-output>
  </reporter-output>
  <suite started-at="2026-07-04T22:55:46 IST" name="Surefire suite" finished-at="2026-07-04T22:56:14 IST" duration-ms="28089">
    <groups>
      <group name="regression">
        <method signature="LoginTest2.loginTest(com.ui.pojo.User)[pri:0, instance:com.ui.test.LoginTest2@45018215]" name="loginTest" class="com.ui.test.LoginTest2"/>
      </group> <!-- regression -->
      <group name="smoke">
        <method signature="LoginTest2.loginTest(com.ui.pojo.User)[pri:0, instance:com.ui.test.LoginTest2@45018215]" name="loginTest" class="com.ui.test.LoginTest2"/>
      </group> <!-- smoke -->
    </groups>
    <test started-at="2026-07-04T22:55:46 IST" name="Surefire test" finished-at="2026-07-04T22:56:14 IST" duration-ms="28089">
      <class name="com.ui.test.LoginTest2">
        <test-method is-config="true" signature="setUp()[pri:0, instance:com.ui.test.LoginTest2@45018215]" started-at="2026-07-04T22:55:46 IST" name="setUp" description="Setup Method to Initialize the Browser and HomePage" finished-at="2026-07-04T22:55:53 IST" duration-ms="6984" status="PASS">
          <reporter-output>
          </reporter-output>
        </test-method> <!-- setUp -->
        <test-method signature="loginTest(com.ui.pojo.User)[pri:0, instance:com.ui.test.LoginTest2@45018215]" started-at="2026-07-04T22:55:53 IST" name="loginTest" description="Login Test for Automation Practice Website" data-provider="loginDataProvider" finished-at="2026-07-04T22:55:57 IST" duration-ms="4118" status="PASS">
          <params>
            <param index="0">
              <value>
                <![CDATA[User [username=null, password=null]]]>
              </value>
            </param>
          </params>
          <reporter-output>
          </reporter-output>
        </test-method> <!-- loginTest -->
        <test-method is-config="true" signature="setUp()[pri:0, instance:com.ui.test.LoginTest2@45018215]" started-at="2026-07-04T22:55:57 IST" name="setUp" description="Setup Method to Initialize the Browser and HomePage" finished-at="2026-07-04T22:56:01 IST" duration-ms="4260" status="PASS">
          <reporter-output>
          </reporter-output>
        </test-method> <!-- setUp -->
        <test-method signature="loginTest(com.ui.pojo.User)[pri:0, instance:com.ui.test.LoginTest2@45018215]" started-at="2026-07-04T22:56:01 IST" name="loginTest" description="Login Test for Automation Practice Website" data-provider="loginDataProvider" finished-at="2026-07-04T22:56:05 IST" duration-ms="4035" status="PASS">
          <params>
            <param index="0">
              <value>
                <![CDATA[User [username=null, password=null]]]>
              </value>
            </param>
          </params>
          <reporter-output>
          </reporter-output>
        </test-method> <!-- loginTest -->
        <test-method is-config="true" signature="setUp()[pri:0, instance:com.ui.test.LoginTest2@45018215]" started-at="2026-07-04T22:56:05 IST" name="setUp" description="Setup Method to Initialize the Browser and HomePage" finished-at="2026-07-04T22:56:10 IST" duration-ms="4245" status="PASS">
          <reporter-output>
          </reporter-output>
        </test-method> <!-- setUp -->
        <test-method signature="loginTest(com.ui.pojo.User)[pri:0, instance:com.ui.test.LoginTest2@45018215]" started-at="2026-07-04T22:56:10 IST" name="loginTest" description="Login Test for Automation Practice Website" data-provider="loginDataProvider" finished-at="2026-07-04T22:56:14 IST" duration-ms="4135" status="PASS">
          <params>
            <param index="0">
              <value>
                <![CDATA[User [username=null, password=null]]]>
              </value>
            </param>
          </params>
          <reporter-output>
          </reporter-output>
        </test-method> <!-- loginTest -->
      </class> <!-- com.ui.test.LoginTest2 -->
    </test> <!-- Surefire test -->
  </suite> <!-- Surefire suite -->
</testng-results>
