<?xml version="1.0" encoding="UTF-8"?>
<testsuite xmlns:xsi="http://www.w3.org/2001/XMLSchema-instance" xsi:noNamespaceSchemaLocation="https://maven.apache.org/surefire/maven-surefire-plugin/xsd/surefire-test-report.xsd" version="3.0.2" name="com.ui.test.LoginTest2" time="29.273" tests="3" errors="0" skipped="0" failures="0">
  <properties>
[...]
</properties>
  <testcase name="loginTest[User [username=null, password=null]](1)" classname="com.ui.test.LoginTest2" time="4.114">
    <system-out><![CDATA[C:\Amit_Tech\Education\VisualStudio_Workspace\Selenium_Projects\TestAutomationFramework\TestAutomationFramework\config\QA.properties
Value for the given key is: https://automationpractice.techwithjatin.com/login
Login Test Completed Successfully for Amit Sawant
]]></system-out>
    <system-err><![CDATA[SLF4J: Failed to load class "org.slf4j.impl.StaticLoggerBinder".
SLF4J: Defaulting to no-operation (NOP) logger implementation
SLF4J: See http://www.slf4j.org/codes.html#StaticLoggerBinder for further details.
Jul 04, 2026 10:55:51 PM org.openqa.selenium.devtools.CdpVersionFinder findNearestMatch
WARNING: Unable to find an exact match for CDP version 149, returning the closest version; found: 147; Please update to a Selenium version that supports CDP version 149
]]></system-err>
  </testcase>
  <testcase name="loginTest[User [username=null, password=null]](2)" classname="com.ui.test.LoginTest2" time="4.032">
    <system-out><![CDATA[C:\Amit_Tech\Education\VisualStudio_Workspace\Selenium_Projects\TestAutomationFramework\TestAutomationFramework\config\QA.properties
Value for the given key is: https://automationpractice.techwithjatin.com/login
Login Test Completed Successfully for Amit Sawant
]]></system-out>
    <system-err><![CDATA[Jul 04, 2026 10:56:00 PM org.openqa.selenium.devtools.CdpVersionFinder findNearestMatch
WARNING: Unable to find an exact match for CDP version 149, returning the closest version; found: 147; Please update to a Selenium version that supports CDP version 149
]]></system-err>
  </testcase>
  <testcase name="loginTest[User [username=null, password=null]](3)" classname="com.ui.test.LoginTest2" time="4.136">
    <system-out><![CDATA[C:\Amit_Tech\Education\VisualStudio_Workspace\Selenium_Projects\TestAutomationFramework\TestAutomationFramework\config\QA.properties
Value for the given key is: https://automationpractice.techwithjatin.com/login
Login Test Completed Successfully for Amit Sawant
]]></system-out>
    <system-err><![CDATA[Jul 04, 2026 10:56:08 PM org.openqa.selenium.devtools.CdpVersionFinder findNearestMatch
WARNING: Unable to find an exact match for CDP version 149, returning the closest version; found: 147; Please update to a Selenium version that supports CDP version 149
]]></system-err>
  </testcase>
</testsuite>