<?xml version="1.0" encoding="UTF-8"?>
<!-- Generated by org.testng.reporters.JUnitReportReporter -->
<testsuite hostname="INBOOK_X3_Slim" failures="0" tests="3" name="com.ui.test.LoginTest2" time="27.777" errors="0" timestamp="2026-07-04T22:56:14 IST" skipped="0">
  <testcase classname="com.ui.test.LoginTest2" name="loginTest" time="11.102"/>
  <testcase classname="com.ui.test.LoginTest2" name="loginTest" time="8.380"/>
  <testcase classname="com.ui.test.LoginTest2" name="loginTest" time="8.295"/>
</testsuite> <!-- com.ui.test.LoginTest2 -->
